<?xml version="1.0" encoding="utf-8"?><testsuite errors="0" failures="0" name="pytest" skipped="0" tests="3" time="0.241"><testcase classname="app" file="app.py" line="-1" name="FLAKE8" time="0.051"></testcase><testcase classname="test_app" file="test_app.py" line="-1" name="FLAKE8" time="0.024"></testcase><testcase classname="test_app" file="test_app.py" line="13" name="test_health" time="0.007"></testcase></testsuite>